[TunerMain] Dataset:       C:\Users\yashk\WorkDir\Projects\ChessEngine\chess-engine\engine-tuner\src\test\resources\quiet-labeled-sample.epd
[TunerMain] Max positions: 1020
[TunerMain] Max iters:     500
[TunerMain] Loaded 1,020 positions
[TunerMain] Finding optimal K...
[KFinder] K = 0.500050  (MSE = 0.19615485)
[TunerMain] Running coordinate descent (K=0.500050, maxIters=500)...
[Tuner] start  MSE=0.19615485  params=812  positions=1020
[Tuner] iter   1  MSE=0.19512412  improved=true  time=184ms
[Tuner] iter   2  MSE=0.19416298  improved=true  time=95ms
[Tuner] iter   3  MSE=0.19327123  improved=true  time=80ms
[Tuner] iter   4  MSE=0.19250661  improved=true  time=83ms
[Tuner] iter   5  MSE=0.19187219  improved=true  time=76ms
[Tuner] iter   6  MSE=0.19119060  improved=true  time=73ms
[Tuner] iter   7  MSE=0.19054110  improved=true  time=75ms
[Tuner] iter   8  MSE=0.18989041  improved=true  time=75ms
[Tuner] iter   9  MSE=0.18921891  improved=true  time=76ms
[Tuner] iter  10  MSE=0.18859841  improved=true  time=76ms
[Tuner] iter  11  MSE=0.18803867  improved=true  time=73ms
[Tuner] iter  12  MSE=0.18741326  improved=true  time=75ms
[Tuner] iter  13  MSE=0.18683487  improved=true  time=76ms
[Tuner] iter  14  MSE=0.18627468  improved=true  time=74ms
[Tuner] iter  15  MSE=0.18571796  improved=true  time=75ms
[Tuner] iter  16  MSE=0.18517255  improved=true  time=74ms
[Tuner] iter  17  MSE=0.18462826  improved=true  time=76ms
[Tuner] iter  18  MSE=0.18408439  improved=true  time=76ms
[Tuner] iter  19  MSE=0.18354428  improved=true  time=74ms
[Tuner] iter  20  MSE=0.18296096  improved=true  time=76ms
[Tuner] iter  21  MSE=0.18245790  improved=true  time=75ms
[Tuner] iter  22  MSE=0.18196608  improved=true  time=76ms
[Tuner] iter  23  MSE=0.18146035  improved=true  time=77ms
[Tuner] iter  24  MSE=0.18097786  improved=true  time=75ms
[Tuner] iter  25  MSE=0.18047372  improved=true  time=75ms
[Tuner] iter  26  MSE=0.18004255  improved=true  time=76ms
[Tuner] iter  27  MSE=0.17957948  improved=true  time=76ms
[Tuner] iter  28  MSE=0.17914772  improved=true  time=76ms
[Tuner] iter  29  MSE=0.17873212  improved=true  time=76ms
[Tuner] iter  30  MSE=0.17834700  improved=true  time=76ms
[Tuner] iter  31  MSE=0.17792747  improved=true  time=77ms
[Tuner] iter  32  MSE=0.17752663  improved=true  time=75ms
[Tuner] iter  33  MSE=0.17715699  improved=true  time=77ms
[Tuner] iter  34  MSE=0.17679817  improved=true  time=76ms
[Tuner] iter  35  MSE=0.17644246  improved=true  time=79ms
[Tuner] iter  36  MSE=0.17609071  improved=true  time=80ms
[Tuner] iter  37  MSE=0.17578335  improved=true  time=79ms
[Tuner] iter  38  MSE=0.17551900  improved=true  time=79ms
[Tuner] iter  39  MSE=0.17522223  improved=true  time=79ms
[Tuner] iter  40  MSE=0.17494145  improved=true  time=79ms
[Tuner] iter  41  MSE=0.17471168  improved=true  time=80ms
[Tuner] iter  42  MSE=0.17449322  improved=true  time=78ms
[Tuner] iter  43  MSE=0.17429192  improved=true  time=80ms
[Tuner] iter  44  MSE=0.17410452  improved=true  time=79ms
[Tuner] iter  45  MSE=0.17395479  improved=true  time=80ms
[Tuner] iter  46  MSE=0.17379312  improved=true  time=80ms
[Tuner] iter  47  MSE=0.17365819  improved=true  time=79ms
[Tuner] iter  48  MSE=0.17354054  improved=true  time=78ms
[Tuner] iter  49  MSE=0.17343032  improved=true  time=80ms
[Tuner] iter  50  MSE=0.17330734  improved=true  time=80ms
[Tuner] iter  51  MSE=0.17320451  improved=true  time=79ms
[Tuner] iter  52  MSE=0.17310046  improved=true  time=80ms
[Tuner] iter  53  MSE=0.17300006  improved=true  time=79ms
[Tuner] iter  54  MSE=0.17293467  improved=true  time=78ms
[Tuner] iter  55  MSE=0.17288031  improved=true  time=83ms
[Tuner] iter  56  MSE=0.17278547  improved=true  time=81ms
[Tuner] iter  57  MSE=0.17269273  improved=true  time=79ms
[Tuner] iter  58  MSE=0.17264115  improved=true  time=82ms
[Tuner] iter  59  MSE=0.17255809  improved=true  time=82ms
[Tuner] iter  60  MSE=0.17247172  improved=true  time=84ms
[Tuner] iter  61  MSE=0.17238398  improved=true  time=82ms
[Tuner] iter  62  MSE=0.17229842  improved=true  time=79ms
[Tuner] iter  63  MSE=0.17220381  improved=true  time=79ms
[Tuner] iter  64  MSE=0.17211746  improved=true  time=79ms
[Tuner] iter  65  MSE=0.17203567  improved=true  time=78ms
[Tuner] iter  66  MSE=0.17199082  improved=true  time=81ms
[Tuner] iter  67  MSE=0.17193405  improved=true  time=82ms
[Tuner] iter  68  MSE=0.17184880  improved=true  time=80ms
[Tuner] iter  69  MSE=0.17177003  improved=true  time=80ms
[Tuner] iter  70  MSE=0.17171637  improved=true  time=80ms
[Tuner] iter  71  MSE=0.17163363  improved=true  time=80ms
[Tuner] iter  72  MSE=0.17154990  improved=true  time=80ms
[Tuner] iter  73  MSE=0.17148019  improved=true  time=81ms
[Tuner] iter  74  MSE=0.17141365  improved=true  time=84ms
[Tuner] iter  75  MSE=0.17135701  improved=true  time=80ms
[Tuner] iter  76  MSE=0.17127767  improved=true  time=80ms
[Tuner] iter  77  MSE=0.17119137  improved=true  time=79ms
[Tuner] iter  78  MSE=0.17113999  improved=true  time=80ms
[Tuner] iter  79  MSE=0.17107953  improved=true  time=80ms
[Tuner] iter  80  MSE=0.17101551  improved=true  time=127ms
[Tuner] iter  81  MSE=0.17096622  improved=true  time=91ms
[Tuner] iter  82  MSE=0.17090305  improved=true  time=80ms
[Tuner] iter  83  MSE=0.17083235  improved=true  time=79ms
[Tuner] iter  84  MSE=0.17078294  improved=true  time=82ms
[Tuner] iter  85  MSE=0.17073818  improved=true  time=80ms
[Tuner] iter  86  MSE=0.17070839  improved=true  time=81ms
[Tuner] iter  87  MSE=0.17065657  improved=true  time=81ms
[Tuner] iter  88  MSE=0.17063032  improved=true  time=80ms
[Tuner] iter  89  MSE=0.17062591  improved=true  time=80ms
[Tuner] iter  90  MSE=0.17062269  improved=true  time=81ms
[Tuner] iter  91  MSE=0.17062015  improved=true  time=81ms
[Tuner] iter  92  MSE=0.17061847  improved=true  time=81ms
[Tuner] iter  93  MSE=0.17061705  improved=true  time=81ms
[Tuner] iter  94  MSE=0.17061615  improved=true  time=81ms
[Tuner] iter  95  MSE=0.17061576  improved=true  time=79ms
[Tuner] iter  96  MSE=0.17061558  improved=true  time=82ms
[Tuner] iter  97  MSE=0.17061547  improved=true  time=81ms
[Tuner] iter  98  MSE=0.17061538  improved=true  time=85ms
[Tuner] iter  99  MSE=0.17061538  improved=false  time=79ms
[Tuner] converged after 99 iterations
[TunerMain] Tuned parameters written to: C:\Users\yashk\WorkDir\Projects\ChessEngine\chess-engine\tuned_params.txt
[TunerMain] Copy values manually from tuned_params.txt into engine-core source files.
